<?xml version="1.0" encoding="UTF-8" ?>
<testsuite tests="11" failures="0" name="br.com.presentation.RunnerTest" time="0.145" errors="4" skipped="7">
  <properties>
    <property name="java.runtime.name" value="Java(TM) SE Runtime Environment"/>
    <property name="sun.boot.library.path" value="C:\Program Files\Java\jdk1.8.0_171\jre\bin"/>
    <property name="java.vm.version" value="25.171-b11"/>
    <property name="user.country.format" value="BR"/>
    <property name="java.vm.vendor" value="Oracle Corporation"/>
    <property name="java.vendor.url" value="http://java.oracle.com/"/>
    <property name="path.separator" value=";"/>
    <property name="guice.disable.misplaced.annotation.check" value="true"/>
    <property name="java.vm.name" value="Java HotSpot(TM) 64-Bit Server VM"/>
    <property name="file.encoding.pkg" value="sun.io"/>
    <property name="user.script" value=""/>
    <property name="user.country" value="US"/>
    <property name="sun.java.launcher" value="SUN_STANDARD"/>
    <property name="sun.os.patch.level" value=""/>
    <property name="java.vm.specification.name" value="Java Virtual Machine Specification"/>
    <property name="user.dir" value="C:\Users\cin_yduarte\Documents\Apresentação Teste\selenium-test-java-presentation"/>
    <property name="java.runtime.version" value="1.8.0_171-b11"/>
    <property name="java.awt.graphicsenv" value="sun.awt.Win32GraphicsEnvironment"/>
    <property name="java.endorsed.dirs" value="C:\Program Files\Java\jdk1.8.0_171\jre\lib\endorsed"/>
    <property name="os.arch" value="amd64"/>
    <property name="java.io.tmpdir" value="C:\Users\CIN_YD~1\AppData\Local\Temp\"/>
    <property name="line.separator" value="
"/>
    <property name="java.vm.specification.vendor" value="Oracle Corporation"/>
    <property name="user.variant" value=""/>
    <property name="os.name" value="Windows 10"/>
    <property name="classworlds.conf" value="C:\Program Files\Apache Maven\apache-maven-3.1.1\bin\..\bin\m2.conf"/>
    <property name="sun.jnu.encoding" value="Cp1252"/>
    <property name="java.library.path" value="C:\Program Files\Java\jdk1.8.0_171\bin;C:\WINDOWS\Sun\Java\bin;C:\WINDOWS\system32;C:\WINDOWS;C:\Program Files (x86)\Common Files\Oracle\Java\javapath;C:\Program Files (x86)\Intel\iCLS Client\;C:\Program Files\Intel\iCLS Client\;C:\Program Files (x86)\RSA SecurID Token Common;C:\WINDOWS\system32;C:\WINDOWS;C:\WINDOWS\System32\Wbem;C:\WINDOWS\System32\WindowsPowerShell\v1.0\;C:\Program Files (x86)\Skype\Phone\;C:\Program Files\Git\cmd;C:\Program Files\Git\mingw64\bin;C:\Program Files\Git\usr\bin;C:\Program Files\Intel\Intel(R) Management Engine Components\DAL;C:\Program Files\Intel\Intel(R) Management Engine Components\IPT;C:\Program Files (x86)\Intel\Intel(R) Management Engine Components\DAL;C:\Program Files (x86)\Intel\Intel(R) Management Engine Components\IPT;$PATH:/path/to/geckodriver;C:\Drivers;C:\Program Files\nodejs\;C:\Users\cin_yduarte\AppData\Local\Programs\Python\Python36-32\Scripts\;C:\Users\cin_yduarte\AppData\Local\Programs\Python\Python36-32\;C:\Ruby23-x64\bin;C:\Program Files\Microsoft VS Code\bin;C:\Users\cin_yduarte\AppData\Roaming\npm;C:\Program Files\Apache Maven\apache-maven-3.1.1\bin;C:\Program Files\Docker Toolbox;."/>
    <property name="java.specification.name" value="Java Platform API Specification"/>
    <property name="java.class.version" value="52.0"/>
    <property name="sun.management.compiler" value="HotSpot 64-Bit Tiered Compilers"/>
    <property name="os.version" value="10.0"/>
    <property name="user.home" value="C:\Users\cin_yduarte"/>
    <property name="user.timezone" value="America/Sao_Paulo"/>
    <property name="java.awt.printerjob" value="sun.awt.windows.WPrinterJob"/>
    <property name="java.specification.version" value="1.8"/>
    <property name="file.encoding" value="Cp1252"/>
    <property name="user.name" value="cin_yduarte"/>
    <property name="java.class.path" value="C:\Program Files\Apache Maven\apache-maven-3.1.1\bin\..\boot\plexus-classworlds-2.5.1.jar"/>
    <property name="org.slf4j.simpleLogger.defaultLogLevel" value="info"/>
    <property name="java.vm.specification.version" value="1.8"/>
    <property name="sun.arch.data.model" value="64"/>
    <property name="java.home" value="C:\Program Files\Java\jdk1.8.0_171\jre"/>
    <property name="sun.java.command" value="org.codehaus.plexus.classworlds.launcher.Launcher clean install"/>
    <property name="java.specification.vendor" value="Oracle Corporation"/>
    <property name="user.language" value="en"/>
    <property name="user.language.format" value="pt"/>
    <property name="awt.toolkit" value="sun.awt.windows.WToolkit"/>
    <property name="java.vm.info" value="mixed mode"/>
    <property name="java.version" value="1.8.0_171"/>
    <property name="java.ext.dirs" value="C:\Program Files\Java\jdk1.8.0_171\jre\lib\ext;C:\WINDOWS\Sun\Java\lib\ext"/>
    <property name="sun.boot.class.path" value="C:\Program Files\Java\jdk1.8.0_171\jre\lib\resources.jar;C:\Program Files\Java\jdk1.8.0_171\jre\lib\rt.jar;C:\Program Files\Java\jdk1.8.0_171\jre\lib\sunrsasign.jar;C:\Program Files\Java\jdk1.8.0_171\jre\lib\jsse.jar;C:\Program Files\Java\jdk1.8.0_171\jre\lib\jce.jar;C:\Program Files\Java\jdk1.8.0_171\jre\lib\charsets.jar;C:\Program Files\Java\jdk1.8.0_171\jre\lib\jfr.jar;C:\Program Files\Java\jdk1.8.0_171\jre\classes"/>
    <property name="sun.stderr.encoding" value="cp437"/>
    <property name="java.vendor" value="Oracle Corporation"/>
    <property name="maven.home" value="C:\Program Files\Apache Maven\apache-maven-3.1.1\bin\.."/>
    <property name="file.separator" value="\"/>
    <property name="java.vendor.url.bug" value="http://bugreport.sun.com/bugreport/"/>
    <property name="sun.cpu.endian" value="little"/>
    <property name="sun.io.unicode.encoding" value="UnicodeLittle"/>
    <property name="sun.stdout.encoding" value="cp437"/>
    <property name="sun.desktop" value="windows"/>
    <property name="sun.cpu.isalist" value="amd64"/>
  </properties>
  <testcase classname="Given que estou na home do Bate-Papo UOL(| amizade | Resultados para o termo &quot;amizade&quot; em Sala | Amizade virtual (2) |)" name="Given que estou na home do Bate-Papo UOL(| amizade | Resultados para o termo &quot;amizade&quot; em Sala | Amizade virtual " time="0.019">
    <error type="java.lang.NullPointerException">java.lang.NullPointerException
	at br.com.presentation.tests.BaseTest.GoToBatePapoUOL(BaseTest.java:27)
	at br.com.presentation.tests.PesquisarSala_test.que_estou_na_home_do_Bate_Papo_UOL(PesquisarSala_test.java:16)
	at ✽.Given que estou na home do Bate-Papo UOL(br/com/presentation/PesquisarSala.feature:5)
</error>
  </testcase>
  <testcase classname="| amizade | Resultados para o termo &quot;amizade&quot; em Sala | Amizade virtual (2) |" name="| amizade | Resultados para o termo &quot;amizade&quot; em Sala | Amizade virtual " time="0.021">
    <error type="java.lang.NullPointerException">java.lang.NullPointerException
	at br.com.presentation.tests.BaseTest.GoToBatePapoUOL(BaseTest.java:27)
	at br.com.presentation.tests.PesquisarSala_test.que_estou_na_home_do_Bate_Papo_UOL(PesquisarSala_test.java:16)
	at ✽.Given que estou na home do Bate-Papo UOL(br/com/presentation/PesquisarSala.feature:5)
</error>
  </testcase>
  <testcase classname="And eu digito &quot;amizade&quot; no campo de pesquisa(| amizade | Resultados para o termo &quot;amizade&quot; em Sala | Amizade virtual (2) |)" name="And eu digito &quot;amizade&quot; no campo de pesquisa(| amizade | Resultados para o termo &quot;amizade&quot; em Sala | Amizade virtual " time="0.022">
    <skipped/>
  </testcase>
  <testcase classname="When eu clico no botão de pesquisar(| amizade | Resultados para o termo &quot;amizade&quot; em Sala | Amizade virtual (2) |)" name="When eu clico no botão de pesquisar(| amizade | Resultados para o termo &quot;amizade&quot; em Sala | Amizade virtual " time="0.022">
    <skipped/>
  </testcase>
  <testcase classname="Then eu vejo a &quot;Resultados para o termo &quot;amizade&quot; em Sala&quot; que a pesquisa foi feita(| amizade | Resultados para o termo &quot;amizade&quot; em Sala | Amizade virtual (2) |)" name="Then eu vejo a &quot;Resultados para o termo &quot;amizade&quot; em Sala&quot; que a pesquisa foi feita(| amizade | Resultados para o termo &quot;amizade&quot; em Sala | Amizade virtual " time="0.022">
    <skipped/>
  </testcase>
  <testcase classname="And eu vejo o &quot;Amizade virtual (2)&quot; da minha pesquisa(| amizade | Resultados para o termo &quot;amizade&quot; em Sala | Amizade virtual (2) |)" name="And eu vejo o &quot;Amizade virtual (2)&quot; da minha pesquisa(| amizade | Resultados para o termo &quot;amizade&quot; em Sala | Amizade virtual " time="0.022">
    <skipped/>
  </testcase>
  <testcase classname="| amizade123 | Não foram encontrados resultados em Sala para o termo &quot;amizade123&quot; |" name="Given que estou na home do Bate-Papo UOL" time="0.001">
    <error type="java.lang.NullPointerException">java.lang.NullPointerException
	at br.com.presentation.tests.BaseTest.GoToBatePapoUOL(BaseTest.java:27)
	at br.com.presentation.tests.PesquisarSala_test.que_estou_na_home_do_Bate_Papo_UOL(PesquisarSala_test.java:16)
	at ✽.Given que estou na home do Bate-Papo UOL(br/com/presentation/PesquisarSala.feature:15)
</error>
  </testcase>
  <testcase classname="| amizade123 | Não foram encontrados resultados em Sala para o termo &quot;amizade123&quot; |" name="| amizade123 | Não foram encontrados resultados em Sala para o termo &quot;amizade123&quot; |" time="0.001">
    <error type="java.lang.NullPointerException">java.lang.NullPointerException
	at br.com.presentation.tests.BaseTest.GoToBatePapoUOL(BaseTest.java:27)
	at br.com.presentation.tests.PesquisarSala_test.que_estou_na_home_do_Bate_Papo_UOL(PesquisarSala_test.java:16)
	at ✽.Given que estou na home do Bate-Papo UOL(br/com/presentation/PesquisarSala.feature:15)
</error>
  </testcase>
  <testcase classname="| amizade123 | Não foram encontrados resultados em Sala para o termo &quot;amizade123&quot; |" name="And eu digito &quot;amizade123&quot; no campo de pesquisa" time="0.003">
    <skipped/>
  </testcase>
  <testcase classname="| amizade123 | Não foram encontrados resultados em Sala para o termo &quot;amizade123&quot; |" name="When eu clico no botão de pesquisar" time="0.005">
    <skipped/>
  </testcase>
  <testcase classname="| amizade123 | Não foram encontrados resultados em Sala para o termo &quot;amizade123&quot; |" name="Then eu vejo a &quot;Não foram encontrados resultados em Sala para o termo &quot;amizade123&quot;&quot; que a pesquisa foi feita com termo inválido" time="0.007">
    <skipped/>
  </testcase>
</testsuite>